<?xml version="1.0" encoding="UTF-8"?>
<testsuites name="UC 2 and UC3" time="176.742" tests="1" failures="0" errors="0">
   <testsuite name="UC 2 and UC3" tests="1" failures="0" errors="0" time="176.742" timestamp="2020-12-08 12:52:38" hostname="swathi.venkataswamy - BDC4-L-93211JX.dir.svc.accenture.com" id="Test Suites/UC 2 and UC3">
      <properties>
         <property name="deviceName" value=""/>
         <property name="devicePlatform" value=""/>
         <property name="logFolder" value="C:\\Users\\swathi.venkataswamy\\git\\chatbot\\Reports\\20201208_125222\\UC 2 and UC3\\20201208_125222"/>
         <property name="logFiles" value="C:\\Users\\swathi.venkataswamy\\git\\chatbot\\Reports\\20201208_125222\\UC 2 and UC3\\20201208_125222\\execution0.log"/>
         <property name="attachments" value="C:\\Users\\swathi.venkataswamy\\git\\chatbot\\Reports\\20201208_125222\\UC 2 and UC3\\20201208_125222\\1607412329632.png"/>
         <property name="hostName" value="swathi.venkataswamy - BDC4-L-93211JX.dir.svc.accenture.com"/>
         <property name="os" value="Windows 10 64bit"/>
         <property name="katalonVersion" value="7.5.5.1"/>
         <property name="browser" value="Chrome 87.0.4280.88"/>
         <property name="hostAddress" value="192.168.43.140"/>
         <property name="sessionId" value="f43981bb30ff788c9281733d862094f2"/>
         <property name="seleniumVersion" value="3.141.59"/>
         <property name="proxyInformation" value="ProxyInformation { proxyOption=NO_PROXY, proxyServerType=HTTP, username=, password=********, proxyServerAddress=, proxyServerPort=0, executionList=\&quot;\&quot;, isApplyToDesiredCapabilities=true }"/>
         <property name="platform" value="Windows 10"/>
      </properties>
      <testcase name="Test Cases/New Test Case" time="171.53" classname="Test Cases/New Test Case" status="PASSED">
         <system-out><![CDATA[2020-12-08 12:52:40 - [TEST_CASE][PASSED] - Test Cases/New Test Case: Test Cases/New Test Case

2020-12-08 12:52:41 - [TEST_STEP][PASSED] - openBrowser(""): Browser is opened with url: ''

2020-12-08 12:52:42 - [MESSAGE][INFO] - Starting 'Chrome' driver

2020-12-08 12:52:42 - [MESSAGE][INFO] - User set preference: ['arg', '[start-maximized,use-fake-ui-for-media-stream]']

2020-12-08 12:52:42 - [MESSAGE][INFO] - Action delay is set to 0 milliseconds

2020-12-08 12:52:56 - [MESSAGE][PASSED] - Browser is opened with url: ''

2020-12-08 12:52:56 - [TEST_STEP][PASSED] - maximizeWindow(): Current window maximized

2020-12-08 12:52:58 - [MESSAGE][PASSED] - Current window maximized

2020-12-08 12:52:58 - [TEST_STEP][PASSED] - navigateToUrl("https://claimswidget.experiencebuilder.accenture.com/"): Navigate to 'https://claimswidget.experiencebuilder.accenture.com/' successfully

2020-12-08 12:53:13 - [MESSAGE][PASSED] - Navigate to 'https://claimswidget.experiencebuilder.accenture.com/' successfully

2020-12-08 12:53:13 - [TEST_STEP][FAILED] - try: Unable to click on object 'Object Repository/Page_Insurance online Application/button_Yes (2)' (Root cause: com.kms.katalon.core.exception.StepFailedException: Unable to click on object 'Object Repository/Page_Insurance online Application/button_Yes (2)'
	at com.kms.katalon.core.webui.keyword.internal.WebUIKeywordMain.stepFailed(WebUIKeywordMain.groovy:64)
	at com.kms.katalon.core.webui.keyword.internal.WebUIKeywordMain.runKeyword(WebUIKeywordMain.groovy:26)
	at com.kms.katalon.core.webui.keyword.builtin.ClickKeyword.click(ClickKeyword.groovy:76)
	at com.kms.katalon.core.webui.keyword.builtin.ClickKeyword.execute(ClickKeyword.groovy:43)
	at com.kms.katalon.core.keyword.internal.KeywordExecutor.executeKeywordForPlatform(KeywordExecutor.groovy:72)
	at com.kms.katalon.core.webui.keyword.WebUiBuiltInKeywords.click(WebUiBuiltInKeywords.groovy:616)
	at com.kms.katalon.core.webui.keyword.WebUiBuiltInKeywords$click$2.call(Unknown Source)
	at New Test Case.run(New Test Case:59)
	at com.kms.katalon.core.main.ScriptEngine.run(ScriptEngine.java:194)
	at com.kms.katalon.core.main.ScriptEngine.runScriptAsRawText(ScriptEngine.java:119)
	at com.kms.katalon.core.main.TestCaseExecutor.runScript(TestCaseExecutor.java:337)
	at com.kms.katalon.core.main.TestCaseExecutor.doExecute(TestCaseExecutor.java:328)
	at com.kms.katalon.core.main.TestCaseExecutor.processExecutionPhase(TestCaseExecutor.java:307)
	at com.kms.katalon.core.main.TestCaseExecutor.accessMainPhase(TestCaseExecutor.java:299)
	at com.kms.katalon.core.main.TestCaseExecutor.execute(TestCaseExecutor.java:233)
	at com.kms.katalon.core.main.TestSuiteExecutor.accessTestCaseMainPhase(TestSuiteExecutor.java:169)
	at com.kms.katalon.core.main.TestSuiteExecutor.accessTestSuiteMainPhase(TestSuiteExecutor.java:142)
	at com.kms.katalon.core.main.TestSuiteExecutor.execute(TestSuiteExecutor.java:91)
	at com.kms.katalon.core.main.TestCaseMain.startTestSuite(TestCaseMain.java:157)
	at com.kms.katalon.core.main.TestCaseMain$startTestSuite$0.call(Unknown Source)
	at TempTestSuite1607412142750.run(TempTestSuite1607412142750.groovy:37)
Caused by: com.kms.katalon.core.webui.exception.WebElementNotFoundException: Web element with id: 'Object Repository/Page_Insurance online Application/button_Yes (2)' located by 'By.xpath: (//div[@id='yesNoButtons']/button)[5]' not found
	at com.kms.katalon.core.webui.common.WebUiCommonHelper.findWebElement(WebUiCommonHelper.java:1154)
	at com.kms.katalon.core.webui.keyword.internal.WebUIAbstractKeyword.findWebElement(WebUIAbstractKeyword.groovy:27)
	at com.kms.katalon.core.webui.keyword.internal.WebUIAbstractKeyword.findWebElement(WebUIAbstractKeyword.groovy:26)
	at com.kms.katalon.core.webui.keyword.builtin.ClickKeyword$_click_closure1.doCall(ClickKeyword.groovy:67)
	at com.kms.katalon.core.webui.keyword.builtin.ClickKeyword$_click_closure1.call(ClickKeyword.groovy)
	at com.kms.katalon.core.webui.keyword.internal.WebUIKeywordMain.runKeyword(WebUIKeywordMain.groovy:20)
	at com.kms.katalon.core.webui.keyword.builtin.ClickKeyword.click(ClickKeyword.groovy:76)
	at com.kms.katalon.core.webui.keyword.builtin.ClickKeyword.execute(ClickKeyword.groovy:43)
	at com.kms.katalon.core.keyword.internal.KeywordExecutor.executeKeywordForPlatform(KeywordExecutor.groovy:72)
	at com.kms.katalon.core.webui.keyword.WebUiBuiltInKeywords.click(WebUiBuiltInKeywords.groovy:616)
	at com.kms.katalon.core.webui.keyword.WebUiBuiltInKeywords$click$2.call(Unknown Source)
	at Script1605603999906.run(Script1605603999906.groovy:59)
	... 13 more
)

2020-12-08 12:53:13 - [TEST_STEP][PASSED] - click(findTestObject("Object Repository/Page_Insurance online Application/img_ng-tns-c2-0")): Object: 'Object Repository/Page_Insurance online Application/img_ng-tns-c2-0' is clicked on

2020-12-08 12:53:14 - [MESSAGE][PASSED] - Object: 'Object Repository/Page_Insurance online Application/img_ng-tns-c2-0' is clicked on

2020-12-08 12:53:14 - [TEST_STEP][PASSED] - click(findTestObject("Object Repository/Page_Insurance online Application/button_Book Rental Car")): Object: 'Object Repository/Page_Insurance online Application/button_Book Rental Car' is clicked on

2020-12-08 12:53:14 - [MESSAGE][PASSED] - Object: 'Object Repository/Page_Insurance online Application/button_Book Rental Car' is clicked on

2020-12-08 12:53:14 - [TEST_STEP][PASSED] - setText(findTestObject("Object Repository/Page_Insurance online Application/input_Happy to helpPlease enter your regist_77e9ab"), MobileNumber): Text '9742735089' is set on object 'Object Repository/Page_Insurance online Application/input_Happy to helpPlease enter your regist_77e9ab'

2020-12-08 12:53:22 - [MESSAGE][PASSED] - Text '9742735089' is set on object 'Object Repository/Page_Insurance online Application/input_Happy to helpPlease enter your regist_77e9ab'

2020-12-08 12:53:22 - [TEST_STEP][PASSED] - sendKeys(findTestObject("Object Repository/Page_Insurance online Application/input_Happy to helpPlease enter your regist_77e9ab"), Keys.chord(ENTER)): Keys 'ENTER + ' sent to object: 'Object Repository/Page_Insurance online Application/input_Happy to helpPlease enter your regist_77e9ab'

2020-12-08 12:53:23 - [MESSAGE][PASSED] - Keys 'ENTER + ' sent to object: 'Object Repository/Page_Insurance online Application/input_Happy to helpPlease enter your regist_77e9ab'

2020-12-08 12:53:23 - [TEST_STEP][PASSED] - click(findTestObject("Object Repository/Page_Insurance online Application/button_Yes")): Object: 'Object Repository/Page_Insurance online Application/button_Yes' is clicked on

2020-12-08 12:53:26 - [MESSAGE][PASSED] - Object: 'Object Repository/Page_Insurance online Application/button_Yes' is clicked on

2020-12-08 12:53:26 - [TEST_STEP][PASSED] - click(findTestObject("Page_Insurance online Application/input_Date Time_ng-tns-c2-0")): Object: 'Object Repository/Page_Insurance online Application/input_Date Time_ng-tns-c2-0' is clicked on

2020-12-08 12:53:29 - [MESSAGE][PASSED] - Object: 'Object Repository/Page_Insurance online Application/input_Date Time_ng-tns-c2-0' is clicked on

2020-12-08 12:53:29 - [TEST_STEP][PASSED] - doubleClick(findTestObject("Object Repository/Page_Insurance online Application/svg")): Object: 'Object Repository/Page_Insurance online Application/svg' is double clicked on

2020-12-08 12:53:30 - [MESSAGE][PASSED] - Object: 'Object Repository/Page_Insurance online Application/svg' is double clicked on

2020-12-08 12:53:30 - [TEST_STEP][PASSED] - click(findTestObject("Object Repository/Page_Insurance online Application/span_Set")): Object: 'Object Repository/Page_Insurance online Application/span_Set' is clicked on

2020-12-08 12:53:31 - [MESSAGE][PASSED] - Object: 'Object Repository/Page_Insurance online Application/span_Set' is clicked on

2020-12-08 12:53:31 - [TEST_STEP][PASSED] - click(findTestObject("Object Repository/Page_Insurance online Application/span")): Object: 'Object Repository/Page_Insurance online Application/span' is clicked on

2020-12-08 12:53:33 - [MESSAGE][PASSED] - Object: 'Object Repository/Page_Insurance online Application/span' is clicked on

2020-12-08 12:53:33 - [TEST_STEP][PASSED] - click(findTestObject("Object Repository/Page_Insurance online Application/button__owl-dot")): Object: 'Object Repository/Page_Insurance online Application/button__owl-dot' is clicked on

2020-12-08 12:53:34 - [MESSAGE][PASSED] - Object: 'Object Repository/Page_Insurance online Application/button__owl-dot' is clicked on

2020-12-08 12:53:34 - [TEST_STEP][PASSED] - click(findTestObject("Object Repository/Page_Insurance online Application/img_concat(Ok here  s a list of our rental _613f26")): Object: 'Object Repository/Page_Insurance online Application/img_concat(Ok here  s a list of our rental _613f26' is clicked on

2020-12-08 12:53:35 - [MESSAGE][PASSED] - Object: 'Object Repository/Page_Insurance online Application/img_concat(Ok here  s a list of our rental _613f26' is clicked on

2020-12-08 12:53:35 - [TEST_STEP][PASSED] - click(findTestObject("Page_Insurance online Application/button_Yes (1)")): Object: 'Object Repository/Page_Insurance online Application/button_Yes (1)' is clicked on

2020-12-08 12:53:38 - [MESSAGE][PASSED] - Object: 'Object Repository/Page_Insurance online Application/button_Yes (1)' is clicked on

2020-12-08 12:53:38 - [TEST_STEP][PASSED] - click(findTestObject("Object Repository/Page_Insurance online Application/button_Medical Records")): Object: 'Object Repository/Page_Insurance online Application/button_Medical Records' is clicked on

2020-12-08 12:53:41 - [MESSAGE][PASSED] - Object: 'Object Repository/Page_Insurance online Application/button_Medical Records' is clicked on

2020-12-08 12:53:41 - [TEST_STEP][FAILED] - click(findTestObject("Page_Insurance online Application/button_Yes (2)")): Unable to click on object 'Object Repository/Page_Insurance online Application/button_Yes (2)' (Root cause: com.kms.katalon.core.exception.StepFailedException: Unable to click on object 'Object Repository/Page_Insurance online Application/button_Yes (2)'
	at com.kms.katalon.core.webui.keyword.internal.WebUIKeywordMain.stepFailed(WebUIKeywordMain.groovy:64)
	at com.kms.katalon.core.webui.keyword.internal.WebUIKeywordMain.runKeyword(WebUIKeywordMain.groovy:26)
	at com.kms.katalon.core.webui.keyword.builtin.ClickKeyword.click(ClickKeyword.groovy:76)
	at com.kms.katalon.core.webui.keyword.builtin.ClickKeyword.execute(ClickKeyword.groovy:43)
	at com.kms.katalon.core.keyword.internal.KeywordExecutor.executeKeywordForPlatform(KeywordExecutor.groovy:72)
	at com.kms.katalon.core.webui.keyword.WebUiBuiltInKeywords.click(WebUiBuiltInKeywords.groovy:616)
	at com.kms.katalon.core.webui.keyword.WebUiBuiltInKeywords$click$2.call(Unknown Source)
	at New Test Case.run(New Test Case:59)
	at com.kms.katalon.core.main.ScriptEngine.run(ScriptEngine.java:194)
	at com.kms.katalon.core.main.ScriptEngine.runScriptAsRawText(ScriptEngine.java:119)
	at com.kms.katalon.core.main.TestCaseExecutor.runScript(TestCaseExecutor.java:337)
	at com.kms.katalon.core.main.TestCaseExecutor.doExecute(TestCaseExecutor.java:328)
	at com.kms.katalon.core.main.TestCaseExecutor.processExecutionPhase(TestCaseExecutor.java:307)
	at com.kms.katalon.core.main.TestCaseExecutor.accessMainPhase(TestCaseExecutor.java:299)
	at com.kms.katalon.core.main.TestCaseExecutor.execute(TestCaseExecutor.java:233)
	at com.kms.katalon.core.main.TestSuiteExecutor.accessTestCaseMainPhase(TestSuiteExecutor.java:169)
	at com.kms.katalon.core.main.TestSuiteExecutor.accessTestSuiteMainPhase(TestSuiteExecutor.java:142)
	at com.kms.katalon.core.main.TestSuiteExecutor.execute(TestSuiteExecutor.java:91)
	at com.kms.katalon.core.main.TestCaseMain.startTestSuite(TestCaseMain.java:157)
	at com.kms.katalon.core.main.TestCaseMain$startTestSuite$0.call(Unknown Source)
	at TempTestSuite1607412142750.run(TempTestSuite1607412142750.groovy:37)
Caused by: com.kms.katalon.core.webui.exception.WebElementNotFoundException: Web element with id: 'Object Repository/Page_Insurance online Application/button_Yes (2)' located by 'By.xpath: (//div[@id='yesNoButtons']/button)[5]' not found
	at com.kms.katalon.core.webui.common.WebUiCommonHelper.findWebElement(WebUiCommonHelper.java:1154)
	at com.kms.katalon.core.webui.keyword.internal.WebUIAbstractKeyword.findWebElement(WebUIAbstractKeyword.groovy:27)
	at com.kms.katalon.core.webui.keyword.internal.WebUIAbstractKeyword.findWebElement(WebUIAbstractKeyword.groovy:26)
	at com.kms.katalon.core.webui.keyword.builtin.ClickKeyword$_click_closure1.doCall(ClickKeyword.groovy:67)
	at com.kms.katalon.core.webui.keyword.builtin.ClickKeyword$_click_closure1.call(ClickKeyword.groovy)
	at com.kms.katalon.core.webui.keyword.internal.WebUIKeywordMain.runKeyword(WebUIKeywordMain.groovy:20)
	at com.kms.katalon.core.webui.keyword.builtin.ClickKeyword.click(ClickKeyword.groovy:76)
	at com.kms.katalon.core.webui.keyword.builtin.ClickKeyword.execute(ClickKeyword.groovy:43)
	at com.kms.katalon.core.keyword.internal.KeywordExecutor.executeKeywordForPlatform(KeywordExecutor.groovy:72)
	at com.kms.katalon.core.webui.keyword.WebUiBuiltInKeywords.click(WebUiBuiltInKeywords.groovy:616)
	at com.kms.katalon.core.webui.keyword.WebUiBuiltInKeywords$click$2.call(Unknown Source)
	at Script1605603999906.run(Script1605603999906.groovy:59)
	... 13 more
)

2020-12-08 12:54:27 - [MESSAGE][INFO] - Unable to find the element located by 'By.xpath: (//div[@id='yesNoButtons']/button)[5]'. Please recheck the objects properties to make sure the desired element is located. 

2020-12-08 12:55:27 - [MESSAGE][WARNING] - Cannot take screenshot

2020-12-08 12:55:27 - [MESSAGE][FAILED] - Unable to click on object 'Object Repository/Page_Insurance online Application/button_Yes (2)' (Root cause: com.kms.katalon.core.exception.StepFailedException: Unable to click on object 'Object Repository/Page_Insurance online Application/button_Yes (2)'
	at com.kms.katalon.core.webui.keyword.internal.WebUIKeywordMain.stepFailed(WebUIKeywordMain.groovy:64)
	at com.kms.katalon.core.webui.keyword.internal.WebUIKeywordMain.runKeyword(WebUIKeywordMain.groovy:26)
	at com.kms.katalon.core.webui.keyword.builtin.ClickKeyword.click(ClickKeyword.groovy:76)
	at com.kms.katalon.core.webui.keyword.builtin.ClickKeyword.execute(ClickKeyword.groovy:43)
	at com.kms.katalon.core.keyword.internal.KeywordExecutor.executeKeywordForPlatform(KeywordExecutor.groovy:72)
	at com.kms.katalon.core.webui.keyword.WebUiBuiltInKeywords.click(WebUiBuiltInKeywords.groovy:616)
	at com.kms.katalon.core.webui.keyword.WebUiBuiltInKeywords$click$2.call(Unknown Source)
	at New Test Case.run(New Test Case:59)
	at com.kms.katalon.core.main.ScriptEngine.run(ScriptEngine.java:194)
	at com.kms.katalon.core.main.ScriptEngine.runScriptAsRawText(ScriptEngine.java:119)
	at com.kms.katalon.core.main.TestCaseExecutor.runScript(TestCaseExecutor.java:337)
	at com.kms.katalon.core.main.TestCaseExecutor.doExecute(TestCaseExecutor.java:328)
	at com.kms.katalon.core.main.TestCaseExecutor.processExecutionPhase(TestCaseExecutor.java:307)
	at com.kms.katalon.core.main.TestCaseExecutor.accessMainPhase(TestCaseExecutor.java:299)
	at com.kms.katalon.core.main.TestCaseExecutor.execute(TestCaseExecutor.java:233)
	at com.kms.katalon.core.main.TestSuiteExecutor.accessTestCaseMainPhase(TestSuiteExecutor.java:169)
	at com.kms.katalon.core.main.TestSuiteExecutor.accessTestSuiteMainPhase(TestSuiteExecutor.java:142)
	at com.kms.katalon.core.main.TestSuiteExecutor.execute(TestSuiteExecutor.java:91)
	at com.kms.katalon.core.main.TestCaseMain.startTestSuite(TestCaseMain.java:157)
	at com.kms.katalon.core.main.TestCaseMain$startTestSuite$0.call(Unknown Source)
	at TempTestSuite1607412142750.run(TempTestSuite1607412142750.groovy:37)
Caused by: com.kms.katalon.core.webui.exception.WebElementNotFoundException: Web element with id: 'Object Repository/Page_Insurance online Application/button_Yes (2)' located by 'By.xpath: (//div[@id='yesNoButtons']/button)[5]' not found
	at com.kms.katalon.core.webui.common.WebUiCommonHelper.findWebElement(WebUiCommonHelper.java:1154)
	at com.kms.katalon.core.webui.keyword.internal.WebUIAbstractKeyword.findWebElement(WebUIAbstractKeyword.groovy:27)
	at com.kms.katalon.core.webui.keyword.internal.WebUIAbstractKeyword.findWebElement(WebUIAbstractKeyword.groovy:26)
	at com.kms.katalon.core.webui.keyword.builtin.ClickKeyword$_click_closure1.doCall(ClickKeyword.groovy:67)
	at com.kms.katalon.core.webui.keyword.builtin.ClickKeyword$_click_closure1.call(ClickKeyword.groovy)
	at com.kms.katalon.core.webui.keyword.internal.WebUIKeywordMain.runKeyword(WebUIKeywordMain.groovy:20)
	at com.kms.katalon.core.webui.keyword.builtin.ClickKeyword.click(ClickKeyword.groovy:76)
	at com.kms.katalon.core.webui.keyword.builtin.ClickKeyword.execute(ClickKeyword.groovy:43)
	at com.kms.katalon.core.keyword.internal.KeywordExecutor.executeKeywordForPlatform(KeywordExecutor.groovy:72)
	at com.kms.katalon.core.webui.keyword.WebUiBuiltInKeywords.click(WebUiBuiltInKeywords.groovy:616)
	at com.kms.katalon.core.webui.keyword.WebUiBuiltInKeywords$click$2.call(Unknown Source)
	at Script1605603999906.run(Script1605603999906.groovy:59)
	... 13 more
)

2020-12-08 12:55:27 - [TEST_STEP][PASSED] - catch (Exception e): Taking screenshot successfully

2020-12-08 12:55:27 - [TEST_STEP][PASSED] - println("flow stops abruptly "): null

2020-12-08 12:55:27 - [TEST_STEP][PASSED] - takeScreenshot(): Taking screenshot successfully

2020-12-08 12:55:31 - [MESSAGE][PASSED] - Taking screenshot successfully
[[ATTACHMENT|C:\\Users\\swathi.venkataswamy\\git\\chatbot\\Reports\\20201208_125222\\UC 2 and UC3\\20201208_125222\\1607412329632.png]]]]></system-out>
         <system-err><![CDATA[]]></system-err>
      </testcase>
      <system-out><![CDATA[2020-12-08 12:52:38 - [TEST_SUITE][PASSED] - UC 2 and UC3: Test Cases/New Test Case]]></system-out>
      <system-err><![CDATA[]]></system-err>
   </testsuite>
</testsuites>
